<?xml version="1.0" encoding="UTF-8"?>
<!-- Generated by org.testng.reporters.JUnitXMLReporter -->
<testsuite hostname="HIBACL131408" ignored="0" name="ChromeTest" tests="4" failures="0" timestamp="18 Nov 2020 16:03:19 GMT" time="2.161" errors="0">
  <testcase name="@BeforeTest LaunchBrowser" time="0.0" classname="pk_orange_hrm.CrossBrowser_Example">
    <failure type="org.openqa.selenium.SessionNotCreatedException" message="session not created: This version of ChromeDriver only supports Chrome version 83
Build info: version: &amp;apos;3.8.1&amp;apos;, revision: &amp;apos;6e95a6684b&amp;apos;, time: &amp;apos;2017-12-01T19:05:14.666Z&amp;apos;
System info: host: &amp;apos;HIBACL131408&amp;apos;, ip: &amp;apos;10.45.91.198&amp;apos;, os.name: &amp;apos;Windows 10&amp;apos;, os.arch: &amp;apos;amd64&amp;apos;, os.version: &amp;apos;10.0&amp;apos;, java.version: &amp;apos;1.8.0_231&amp;apos;
Driver info: driver.version: ChromeDriver
remote stacktrace: Backtrace:
	Ordinal0 [0x006B9563+2725219]
	Ordinal0 [0x005B8551+1672529]
	Ordinal0 [0x004A0359+525145]
	Ordinal0 [0x00430B77+68471]
	Ordinal0 [0x0042D32C+54060]
	Ordinal0 [0x0044CC37+183351]
	Ordinal0 [0x0044CA3D+182845]
	Ordinal0 [0x0044A94B+174411]
	Ordinal0 [0x00432528+75048]
	Ordinal0 [0x004335A0+79264]
	Ordinal0 [0x00433539+79161]
	Ordinal0 [0x005CD607+1758727]
	GetHandleVerifier [0x007D6546+1050150]
	GetHandleVerifier [0x007D6291+1049457]
	GetHandleVerifier [0x007E10D7+1094071]
	GetHandleVerifier [0x007D6B46+1051686]
	Ordinal0 [0x005C5B06+1727238]
	Ordinal0 [0x005CEB7B+1764219]
	Ordinal0 [0x005CECE3+1764579]
	Ordinal0 [0x005E4C05+1854469]
	BaseThreadInitThunk [0x760BF989+25]
	RtlGetAppContainerNamedObjectPath [0x77657084+228]
	RtlGetAppContainerNamedObjectPath [0x77657054+180]
">
      <![CDATA[org.openqa.selenium.SessionNotCreatedException: session not created: This version of ChromeDriver only supports Chrome version 83
Build info: version: '3.8.1', revision: '6e95a6684b', time: '2017-12-01T19:05:14.666Z'
System info: host: 'HIBACL131408', ip: '10.45.91.198', os.name: 'Windows 10', os.arch: 'amd64', os.version: '10.0', java.version: '1.8.0_231'
Driver info: driver.version: ChromeDriver
remote stacktrace: Backtrace:
	Ordinal0 [0x006B9563+2725219]
	Ordinal0 [0x005B8551+1672529]
	Ordinal0 [0x004A0359+525145]
	Ordinal0 [0x00430B77+68471]
	Ordinal0 [0x0042D32C+54060]
	Ordinal0 [0x0044CC37+183351]
	Ordinal0 [0x0044CA3D+182845]
	Ordinal0 [0x0044A94B+174411]
	Ordinal0 [0x00432528+75048]
	Ordinal0 [0x004335A0+79264]
	Ordinal0 [0x00433539+79161]
	Ordinal0 [0x005CD607+1758727]
	GetHandleVerifier [0x007D6546+1050150]
	GetHandleVerifier [0x007D6291+1049457]
	GetHandleVerifier [0x007E10D7+1094071]
	GetHandleVerifier [0x007D6B46+1051686]
	Ordinal0 [0x005C5B06+1727238]
	Ordinal0 [0x005CEB7B+1764219]
	Ordinal0 [0x005CECE3+1764579]
	Ordinal0 [0x005E4C05+1854469]
	BaseThreadInitThunk [0x760BF989+25]
	RtlGetAppContainerNamedObjectPath [0x77657084+228]
	RtlGetAppContainerNamedObjectPath [0x77657054+180]

	at org.openqa.selenium.remote.W3CHandshakeResponse.lambda$new$0(W3CHandshakeResponse.java:57)
	at org.openqa.selenium.remote.W3CHandshakeResponse.lambda$getResponseFunction$2(W3CHandshakeResponse.java:104)
	at org.openqa.selenium.remote.ProtocolHandshake.lambda$createSession$0(ProtocolHandshake.java:123)
	at java.util.stream.ReferencePipeline$3$1.accept(Unknown Source)
	at java.util.Spliterators$ArraySpliterator.tryAdvance(Unknown Source)
	at java.util.stream.ReferencePipeline.forEachWithCancel(Unknown Source)
	at java.util.stream.AbstractPipeline.copyIntoWithCancel(Unknown Source)
	at java.util.stream.AbstractPipeline.copyInto(Unknown Source)
	at java.util.stream.AbstractPipeline.wrapAndCopyInto(Unknown Source)
	at java.util.stream.FindOps$FindOp.evaluateSequential(Unknown Source)
	at java.util.stream.AbstractPipeline.evaluate(Unknown Source)
	at java.util.stream.ReferencePipeline.findFirst(Unknown Source)
	at org.openqa.selenium.remote.ProtocolHandshake.createSession(ProtocolHandshake.java:126)
	at org.openqa.selenium.remote.ProtocolHandshake.createSession(ProtocolHandshake.java:73)
	at org.openqa.selenium.remote.HttpCommandExecutor.execute(HttpCommandExecutor.java:142)
	at org.openqa.selenium.remote.service.DriverCommandExecutor.execute(DriverCommandExecutor.java:83)
	at org.openqa.selenium.remote.RemoteWebDriver.execute(RemoteWebDriver.java:601)
	at org.openqa.selenium.remote.RemoteWebDriver.startSession(RemoteWebDriver.java:219)
	at org.openqa.selenium.remote.RemoteWebDriver.<init>(RemoteWebDriver.java:142)
	at org.openqa.selenium.chrome.ChromeDriver.<init>(ChromeDriver.java:181)
	at org.openqa.selenium.chrome.ChromeDriver.<init>(ChromeDriver.java:168)
	at org.openqa.selenium.chrome.ChromeDriver.<init>(ChromeDriver.java:123)
	at pk_orange_hrm.CrossBrowser_Example.LaunchBrowser(CrossBrowser_Example.java:29)
	at java.util.concurrent.FutureTask.run(Unknown Source)
	at java.util.concurrent.ThreadPoolExecutor.runWorker(Unknown Source)
	at java.util.concurrent.ThreadPoolExecutor$Worker.run(Unknown Source)
	at java.lang.Thread.run(Unknown Source)
... Removed 18 stack frames]]>
    </failure>
  </testcase> <!-- @BeforeTest LaunchBrowser -->
  <testcase name="@AfterTest CloseBrowser" time="0.0" classname="pk_orange_hrm.CrossBrowser_Example">
    <skipped/>
  </testcase> <!-- @AfterTest CloseBrowser -->
  <testcase name="Flight_Login" time="0.001" classname="pk_orange_hrm.CrossBrowser_Example">
    <skipped/>
  </testcase> <!-- Flight_Login -->
  <testcase name="Flight_Login" time="0.001" classname="pk_orange_hrm.CrossBrowser_Example">
    <skipped/>
  </testcase> <!-- Flight_Login -->
  <testcase name="Flight_Login" time="0.001" classname="pk_orange_hrm.CrossBrowser_Example">
    <skipped/>
  </testcase> <!-- Flight_Login -->
  <testcase name="Flight_Login" time="0.001" classname="pk_orange_hrm.CrossBrowser_Example">
    <skipped/>
  </testcase> <!-- Flight_Login -->
</testsuite> <!-- ChromeTest -->
